<?xml version="1.0" encoding="UTF-8"?>
<!-- Generated by org.testng.reporters.JUnitReportReporter -->
<testsuite hostname="BAIPL-PC-HR2" failures="0" tests="1" name="com.restassured.marketplace.tedtcases.TC001_Get_Request" time="3.879" errors="0" timestamp="28 Jul 2022 12:50:26 GMT">
  <testcase classname="com.restassured.marketplace.tedtcases.TC001_Get_Request" name="ProductList" time="3.879"/>
</testsuite> <!-- com.restassured.marketplace.tedtcases.TC001_Get_Request -->
