<?xml version="1.0" encoding="UTF-8"?>
<!-- Generated by org.testng.reporters.JUnitReportReporter -->
<testsuite hostname="BAIPL-PC-HR2" failures="0" tests="2" name="com.marketplace.testcases.PostAddProduct" time="7.163" errors="0" timestamp="2022-08-22T15:37:08 IST" skipped="0">
  <testcase classname="com.marketplace.testcases.PostAddProduct" name="postAddProduct" time="4.723"/>
  <system-out/>
  <testcase classname="com.marketplace.testcases.PostAddProduct" name="postAddProductColour" time="2.440"/>
  <system-out/>
</testsuite> <!-- com.marketplace.testcases.PostAddProduct -->
